Using pre-set license
Built from '2020.3/staging' branch; Version is '2020.3.16f1 (049d6eca3c44) revision 302446'; Using compiler version '192528614'; Build Type 'Release'
OS: 'Windows 10 Pro; OS build 19043.1466; Version 2009; 64bit' Language: 'pt' Physical Memory: 16267 MB
BatchMode: 1, IsHumanControllingUs: 0, StartBugReporterOnCrash: 0, Is64bit: 1, IsPro: 0

 COMMAND LINE ARGUMENTS:
C:\Program Files\Unity\Hub\Editor\2020.3.16f1\Editor\Unity.exe
-adb2
-batchMode
-noUpm
-name
AssetImportWorker0
-projectPath
C:/Users/josie/Documents/Unity_Instafashion/InstaFashion
-logFile
Logs/AssetImportWorker0.log
-srvPort
10214
Successfully changed project path to: C:/Users/josie/Documents/Unity_Instafashion/InstaFashion
C:/Users/josie/Documents/Unity_Instafashion/InstaFashion
Using Asset Import Pipeline V2.
Refreshing native plugins compatible for Editor in 90.70 ms, found 2 plugins.
Preloading 0 native plugins for Editor in 0.00 ms.
Initialize engine version: 2020.3.16f1 (049d6eca3c44)
[Subsystems] Discovering subsystems at path C:/Program Files/Unity/Hub/Editor/2020.3.16f1/Editor/Data/Resources/UnitySubsystems
[Subsystems] Discovering subsystems at path C:/Users/josie/Documents/Unity_Instafashion/InstaFashion/Assets
GfxDevice: creating device client; threaded=0
Direct3D:
    Version:  Direct3D 11.0 [level 11.1]
    Renderer: NVIDIA GeForce GTX 1060 (ID=0x1c20)
    Vendor:   
    VRAM:     6052 MB
    Driver:   30.0.15.1123
Shader 'Universal Render Pipeline/Particles/Lit': fallback shader 'Universal Render Pipeline/Particles/SimpleLit' not found
Initialize mono
Mono path[0] = 'C:/Program Files/Unity/Hub/Editor/2020.3.16f1/Editor/Data/Managed'
Mono path[1] = 'C:/Program Files/Unity/Hub/Editor/2020.3.16f1/Editor/Data/MonoBleedingEdge/lib/mono/unityjit'
Mono config path = 'C:/Program Files/Unity/Hub/Editor/2020.3.16f1/Editor/Data/MonoBleedingEdge/etc'
Using monoOptions --debugger-agent=transport=dt_socket,embedding=1,server=y,suspend=n,address=127.0.0.1:56384
Begin MonoManager ReloadAssembly
Registering precompiled unity dll's ...
Register platform support module: C:/Program Files/Unity/Hub/Editor/2020.3.16f1/Editor/Data/PlaybackEngines/WindowsStandaloneSupport/UnityEditor.WindowsStandalone.Extensions.dll
Registered in 0.002478 seconds.
Native extension for WindowsStandalone target not found
Refreshing native plugins compatible for Editor in 105.14 ms, found 2 plugins.
Preloading 0 native plugins for Editor in 0.00 ms.
Mono: successfully reloaded assembly
- Completed reload, in  1.629 seconds
Domain Reload Profiling:
	ReloadAssembly (1629ms)
		BeginReloadAssembly (69ms)
			ExecutionOrderSort (0ms)
			DisableScriptedObjects (0ms)
			BackupInstance (0ms)
			ReleaseScriptingObjects (0ms)
			CreateAndSetChildDomain (1ms)
		EndReloadAssembly (637ms)
			LoadAssemblies (67ms)
			RebuildTransferFunctionScriptingTraits (0ms)
			SetupTypeCache (212ms)
			ReleaseScriptCaches (0ms)
			RebuildScriptCaches (50ms)
			SetupLoadedEditorAssemblies (277ms)
				LogAssemblyErrors (0ms)
				InitializePlatformSupportModulesInManaged (5ms)
				SetLoadedEditorAssemblies (0ms)
				RefreshPlugins (105ms)
				BeforeProcessingInitializeOnLoad (22ms)
				ProcessInitializeOnLoadAttributes (107ms)
				ProcessInitializeOnLoadMethodAttributes (36ms)
				AfterProcessingInitializeOnLoad (0ms)
				EditorAssembliesLoaded (0ms)
			ExecutionOrderSort2 (0ms)
			AwakeInstancesAfterBackupRestoration (0ms)
Platform modules already initialized, skipping
Registering precompiled user dll's ...
Registered in 0.006252 seconds.
Begin MonoManager ReloadAssembly
Native extension for WindowsStandalone target not found
Refreshing native plugins compatible for Editor in 88.45 ms, found 2 plugins.
Preloading 0 native plugins for Editor in 0.00 ms.
Mono: successfully reloaded assembly
- Completed reload, in  1.826 seconds
Domain Reload Profiling:
	ReloadAssembly (1827ms)
		BeginReloadAssembly (172ms)
			ExecutionOrderSort (0ms)
			DisableScriptedObjects (6ms)
			BackupInstance (0ms)
			ReleaseScriptingObjects (0ms)
			CreateAndSetChildDomain (22ms)
		EndReloadAssembly (1579ms)
			LoadAssemblies (116ms)
			RebuildTransferFunctionScriptingTraits (0ms)
			SetupTypeCache (457ms)
			ReleaseScriptCaches (1ms)
			RebuildScriptCaches (93ms)
			SetupLoadedEditorAssemblies (738ms)
				LogAssemblyErrors (0ms)
				InitializePlatformSupportModulesInManaged (6ms)
				SetLoadedEditorAssemblies (0ms)
				RefreshPlugins (89ms)
				BeforeProcessingInitializeOnLoad (150ms)
				ProcessInitializeOnLoadAttributes (471ms)
				ProcessInitializeOnLoadMethodAttributes (11ms)
				AfterProcessingInitializeOnLoad (10ms)
				EditorAssembliesLoaded (0ms)
			ExecutionOrderSort2 (0ms)
			AwakeInstancesAfterBackupRestoration (8ms)
Platform modules already initialized, skipping
========================================================================
Worker process is ready to serve import requests
Shader 'Universal Render Pipeline/Particles/Lit': fallback shader 'Universal Render Pipeline/Particles/SimpleLit' not found
Launched and connected shader compiler UnityShaderCompiler.exe after 0.09 seconds
Refreshing native plugins compatible for Editor in 1.00 ms, found 2 plugins.
Preloading 0 native plugins for Editor in 0.00 ms.
Unloading 3314 Unused Serialized files (Serialized files now loaded: 0)
System memory in use before: 147.3 MB.
System memory in use after: 147.5 MB.

Unloading 26 unused Assets to reduce memory usage. Loaded Objects now: 3755.
Total: 5.170000 ms (FindLiveObjects: 0.703900 ms CreateObjectMapping: 0.267100 ms MarkObjects: 4.083700 ms  DeleteObjects: 0.114100 ms)

AssetImportParameters requested are different than current active one (requested -> active):
  custom:framework-win-MediaFoundation: 216162199b28c13a410421893ffa2e32 -> 
  custom:video-decoder-ogg-theora: a1e56fd34408186e4bbccfd4996cb3dc -> 
  custom:container-muxer-webm: aa71ff27fc2769a1b78a27578f13a17b -> 
  custom:container-demuxer-webm: 4f35f7cbe854078d1ac9338744f61a02 -> 
  custom:container-demuxer-ogg: 62fdf1f143b41e24485cea50d1cbac27 -> 
  custom:video-encoder-webm-vp8: eb34c28f22e8b96e1ab97ce403110664 -> 
  custom:video-decoder-webm-vp8: 9c59270c3fd7afecdb556c50c9e8de78 -> 
  custom:audio-decoder-ogg-vorbis: bf7c407c2cedff20999df2af8eb42d56 -> 
  custom:audio-encoder-webm-vorbis: bf7c407c2cedff20999df2af8eb42d56 -> 
========================================================================
Received Import Request.
  path: Assets/Sprites/UI/4_User_Interface_Elements/UI_angry_emote_16x16.gif
  artifactKey: Guid(510169bad033c0e41804db849fc2dd97) Importer(815301076,1909f56bfc062723c751e8b465ee728b)
Start importing Assets/Sprites/UI/4_User_Interface_Elements/UI_angry_emote_16x16.gif using Guid(510169bad033c0e41804db849fc2dd97) Importer(815301076,1909f56bfc062723c751e8b465ee728b)  -> (artifact id: 'ecfd469abda73c7848da25f21abc9bb7') in 0.083523 seconds 
  Import took 0.090168 seconds .

========================================================================
Received Import Request.
  Time since last request: 0.000318 seconds.
  path: Assets/Sprites/UI/4_User_Interface_Elements
  artifactKey: Guid(e4a5f7b7420b6964db33f4a16df9b740) Importer(815301076,1909f56bfc062723c751e8b465ee728b)
Start importing Assets/Sprites/UI/4_User_Interface_Elements using Guid(e4a5f7b7420b6964db33f4a16df9b740) Importer(815301076,1909f56bfc062723c751e8b465ee728b)  -> (artifact id: '537ec4f82a0512a80b42d8a6e0dd0f28') in 0.009406 seconds 
  Import took 0.016775 seconds .

========================================================================
Received Import Request.
  Time since last request: 0.000258 seconds.
  path: Assets/Sprites/UI/4_User_Interface_Elements/UI_32x32.png
  artifactKey: Guid(75dcca8aa5123844e99596b74f29f2ce) Importer(815301076,1909f56bfc062723c751e8b465ee728b)
Start importing Assets/Sprites/UI/4_User_Interface_Elements/UI_32x32.png using Guid(75dcca8aa5123844e99596b74f29f2ce) Importer(815301076,1909f56bfc062723c751e8b465ee728b)  -> (artifact id: '7ea0306a2ed43412c3cf21c7ea83f71c') in 0.023427 seconds 
  Import took 0.030736 seconds .

========================================================================
Received Import Request.
  Time since last request: 11.093346 seconds.
  path: Assets/Sprites/UI/4_User_Interface_Elements/UI_angry_emote_16x16.gif
  artifactKey: Guid(510169bad033c0e41804db849fc2dd97) Importer(815301076,1909f56bfc062723c751e8b465ee728b)
Start importing Assets/Sprites/UI/4_User_Interface_Elements/UI_angry_emote_16x16.gif using Guid(510169bad033c0e41804db849fc2dd97) Importer(815301076,1909f56bfc062723c751e8b465ee728b)  -> (artifact id: 'df939fdccf836b161ae947b5ad5a5634') in 0.082559 seconds 
  Import took 0.088807 seconds .

========================================================================
Received Import Request.
  Time since last request: 117.005196 seconds.
  path: Assets/Sprites/UI/4_User_Interface_Elements/UI_angry_emote_32x32.gif
  artifactKey: Guid(3e7f763fcd4f36d4a9af64ec1b979dc3) Importer(815301076,1909f56bfc062723c751e8b465ee728b)
Start importing Assets/Sprites/UI/4_User_Interface_Elements/UI_angry_emote_32x32.gif using Guid(3e7f763fcd4f36d4a9af64ec1b979dc3) Importer(815301076,1909f56bfc062723c751e8b465ee728b)  -> (artifact id: 'e616352f17c9fe553fccf83358fc8fd5') in 0.026474 seconds 
  Import took 0.033299 seconds .

========================================================================
Received Import Request.
  Time since last request: 2.155678 seconds.
  path: Assets/Sprites/UI/4_User_Interface_Elements/UI_angry_emote_48x48.gif
  artifactKey: Guid(5d59ec8f079a19f43befbedea7e961d4) Importer(815301076,1909f56bfc062723c751e8b465ee728b)
Start importing Assets/Sprites/UI/4_User_Interface_Elements/UI_angry_emote_48x48.gif using Guid(5d59ec8f079a19f43befbedea7e961d4) Importer(815301076,1909f56bfc062723c751e8b465ee728b)  -> (artifact id: '60f5207b54312c8f2a4388001f26a8e3') in 0.030271 seconds 
  Import took 0.037783 seconds .

========================================================================
Received Import Request.
  Time since last request: 49.606246 seconds.
  path: Assets/Sprites/UI/4_User_Interface_Elements/UI_48x48.png
  artifactKey: Guid(4eb85ee2e7801dc45b93ad21806bed9c) Importer(815301076,1909f56bfc062723c751e8b465ee728b)
Start importing Assets/Sprites/UI/4_User_Interface_Elements/UI_48x48.png using Guid(4eb85ee2e7801dc45b93ad21806bed9c) Importer(815301076,1909f56bfc062723c751e8b465ee728b)  -> (artifact id: '0896d384b84019691d4f0f442bd3ad89') in 0.029559 seconds 
  Import took 0.037121 seconds .

========================================================================
Received Import Request.
  Time since last request: 18.908576 seconds.
  path: Assets/Sprites/UI/4_User_Interface_Elements/UI_arrow_pointing_down_32x32.gif
  artifactKey: Guid(bcc8a8f70cb186c4aac3682ccbddd4ce) Importer(815301076,1909f56bfc062723c751e8b465ee728b)
Start importing Assets/Sprites/UI/4_User_Interface_Elements/UI_arrow_pointing_down_32x32.gif using Guid(bcc8a8f70cb186c4aac3682ccbddd4ce) Importer(815301076,1909f56bfc062723c751e8b465ee728b)  -> (artifact id: 'ee2a5f1a25fc1d9297e7f9c52485abb6') in 0.021814 seconds 
  Import took 0.028150 seconds .

========================================================================
Received Import Request.
  Time since last request: 9.821739 seconds.
  path: Assets/Sprites/UI/4_User_Interface_Elements/UI_32x32.png
  artifactKey: Guid(75dcca8aa5123844e99596b74f29f2ce) Importer(815301076,1909f56bfc062723c751e8b465ee728b)
Start importing Assets/Sprites/UI/4_User_Interface_Elements/UI_32x32.png using Guid(75dcca8aa5123844e99596b74f29f2ce) Importer(815301076,1909f56bfc062723c751e8b465ee728b)  -> (artifact id: '28e15fe072925c6f0d3a65bc16ecdd80') in 0.022771 seconds 
  Import took 0.028730 seconds .

========================================================================
Received Import Request.
  Time since last request: 0.000686 seconds.
  path: Assets/Sprites/UI/4_User_Interface_Elements/UI_32x32.png
  artifactKey: Guid(75dcca8aa5123844e99596b74f29f2ce) Importer(815301076,1909f56bfc062723c751e8b465ee728b)
Start importing Assets/Sprites/UI/4_User_Interface_Elements/UI_32x32.png using Guid(75dcca8aa5123844e99596b74f29f2ce) Importer(815301076,1909f56bfc062723c751e8b465ee728b)  -> (artifact id: '28e15fe072925c6f0d3a65bc16ecdd80') in 0.019798 seconds 
  Import took 0.027386 seconds .

========================================================================
Received Import Request.
  Time since last request: 0.482175 seconds.
  path: Assets/Sprites/UI/4_User_Interface_Elements/UI_48x48.png
  artifactKey: Guid(4eb85ee2e7801dc45b93ad21806bed9c) Importer(815301076,1909f56bfc062723c751e8b465ee728b)
Start importing Assets/Sprites/UI/4_User_Interface_Elements/UI_48x48.png using Guid(4eb85ee2e7801dc45b93ad21806bed9c) Importer(815301076,1909f56bfc062723c751e8b465ee728b)  -> (artifact id: '11c3f75758f8d709d0c5cdb434c266f3') in 0.016533 seconds 
  Import took 0.023267 seconds .

========================================================================
Received Import Request.
  Time since last request: 0.006877 seconds.
  path: Assets/Sprites/UI/4_User_Interface_Elements/UI_48x48.png
  artifactKey: Guid(4eb85ee2e7801dc45b93ad21806bed9c) Importer(815301076,1909f56bfc062723c751e8b465ee728b)
Start importing Assets/Sprites/UI/4_User_Interface_Elements/UI_48x48.png using Guid(4eb85ee2e7801dc45b93ad21806bed9c) Importer(815301076,1909f56bfc062723c751e8b465ee728b)  -> (artifact id: '11c3f75758f8d709d0c5cdb434c266f3') in 0.015950 seconds 
  Import took 0.022446 seconds .

========================================================================
Received Import Request.
  Time since last request: 7.115360 seconds.
  path: Assets/Sprites/UI/4_User_Interface_Elements/UI_48x48.png
  artifactKey: Guid(4eb85ee2e7801dc45b93ad21806bed9c) Importer(815301076,1909f56bfc062723c751e8b465ee728b)
Start importing Assets/Sprites/UI/4_User_Interface_Elements/UI_48x48.png using Guid(4eb85ee2e7801dc45b93ad21806bed9c) Importer(815301076,1909f56bfc062723c751e8b465ee728b)  -> (artifact id: 'ec49049675809a8993ff2803e2b5b7d9') in 0.459688 seconds 
  Import took 0.467664 seconds .

========================================================================
Received Import Request.
  Time since last request: 30.942943 seconds.
  path: Assets/Sprites/UI/4_User_Interface_Elements/UI_16x16.png
  artifactKey: Guid(e00af7eef1910a54e941b85fc3783c83) Importer(815301076,1909f56bfc062723c751e8b465ee728b)
Start importing Assets/Sprites/UI/4_User_Interface_Elements/UI_16x16.png using Guid(e00af7eef1910a54e941b85fc3783c83) Importer(815301076,1909f56bfc062723c751e8b465ee728b)  -> (artifact id: '50fb7509b3648e4338e1ff7c992afcac') in 0.029434 seconds 
  Import took 0.037500 seconds .

========================================================================
Received Import Request.
  Time since last request: 112.920404 seconds.
  path: Assets/Sprites/UI/4_User_Interface_Elements/UI_arrow_pointing_down_16x16.gif
  artifactKey: Guid(4a863ec1dd58fa449aa25de4ee636b30) Importer(815301076,1909f56bfc062723c751e8b465ee728b)
Start importing Assets/Sprites/UI/4_User_Interface_Elements/UI_arrow_pointing_down_16x16.gif using Guid(4a863ec1dd58fa449aa25de4ee636b30) Importer(815301076,1909f56bfc062723c751e8b465ee728b)  -> (artifact id: '26ea0320b280c5e68115b2d8ac7dd295') in 0.022242 seconds 
  Import took 0.029692 seconds .

========================================================================
Received Import Request.
  Time since last request: 0.744584 seconds.
  path: Assets/Sprites/UI/4_User_Interface_Elements/UI_arrow_pointing_down_48x48.gif
  artifactKey: Guid(508d2bb984a63414a85d1162c52c9cc4) Importer(815301076,1909f56bfc062723c751e8b465ee728b)
Start importing Assets/Sprites/UI/4_User_Interface_Elements/UI_arrow_pointing_down_48x48.gif using Guid(508d2bb984a63414a85d1162c52c9cc4) Importer(815301076,1909f56bfc062723c751e8b465ee728b)  -> (artifact id: '6244767f6ef9ff2d99de620a976e3bae') in 0.022086 seconds 
  Import took 0.029559 seconds .

========================================================================
Received Import Request.
  Time since last request: 0.000479 seconds.
  path: Assets/Sprites/UI/4_User_Interface_Elements/UI_arrow_pointing_up_32x32.gif
  artifactKey: Guid(6d64fa9f6a2830443ad1cd32b44594a0) Importer(815301076,1909f56bfc062723c751e8b465ee728b)
Start importing Assets/Sprites/UI/4_User_Interface_Elements/UI_arrow_pointing_up_32x32.gif using Guid(6d64fa9f6a2830443ad1cd32b44594a0) Importer(815301076,1909f56bfc062723c751e8b465ee728b)  -> (artifact id: '7ba0197d9126262a0d6eb91b2f3f63ac') in 0.019585 seconds 
  Import took 0.026583 seconds .

========================================================================
Received Import Request.
  Time since last request: 0.000328 seconds.
  path: Assets/Sprites/UI/4_User_Interface_Elements/UI_arrow_pointing_up.gif
  artifactKey: Guid(1516aa0038b9c3e4e8b0732c0d7483f4) Importer(815301076,1909f56bfc062723c751e8b465ee728b)
Start importing Assets/Sprites/UI/4_User_Interface_Elements/UI_arrow_pointing_up.gif using Guid(1516aa0038b9c3e4e8b0732c0d7483f4) Importer(815301076,1909f56bfc062723c751e8b465ee728b)  -> (artifact id: 'a9fe3b0c6ea6daedd1a1cc7fc8e2f8b2') in 0.037577 seconds 
  Import took 0.043979 seconds .

========================================================================
Received Import Request.
  Time since last request: 0.000336 seconds.
  path: Assets/Sprites/UI/4_User_Interface_Elements/UI_mail_32x32.gif
  artifactKey: Guid(97f0bccfc56af8147af8327990cab617) Importer(815301076,1909f56bfc062723c751e8b465ee728b)
Start importing Assets/Sprites/UI/4_User_Interface_Elements/UI_mail_32x32.gif using Guid(97f0bccfc56af8147af8327990cab617) Importer(815301076,1909f56bfc062723c751e8b465ee728b)  -> (artifact id: '1b87ecd4f1ff1f95e7dc4ffbae48efa7') in 0.026488 seconds 
  Import took 0.032509 seconds .

========================================================================
Received Import Request.
  Time since last request: 0.000263 seconds.
  path: Assets/Sprites/UI/4_User_Interface_Elements/UI_arrow_pointing_up_48x48.gif
  artifactKey: Guid(28c080268f96d8d4284b383b89f9ea17) Importer(815301076,1909f56bfc062723c751e8b465ee728b)
Start importing Assets/Sprites/UI/4_User_Interface_Elements/UI_arrow_pointing_up_48x48.gif using Guid(28c080268f96d8d4284b383b89f9ea17) Importer(815301076,1909f56bfc062723c751e8b465ee728b)  -> (artifact id: '6df0afdd61fa40cbedbad77b1ec8db7d') in 0.021958 seconds 
  Import took 0.028848 seconds .

========================================================================
Received Import Request.
  Time since last request: 0.000387 seconds.
  path: Assets/Sprites/UI/4_User_Interface_Elements/UI_mail_16x16.gif
  artifactKey: Guid(d61c21613d01993418cd16b097448a4b) Importer(815301076,1909f56bfc062723c751e8b465ee728b)
Start importing Assets/Sprites/UI/4_User_Interface_Elements/UI_mail_16x16.gif using Guid(d61c21613d01993418cd16b097448a4b) Importer(815301076,1909f56bfc062723c751e8b465ee728b)  -> (artifact id: '11e475b2469254b717d0c2aab521c481') in 0.021529 seconds 
  Import took 0.027637 seconds .

========================================================================
Received Import Request.
  Time since last request: 0.012466 seconds.
  path: Assets/Sprites/UI/4_User_Interface_Elements/UI_mail_16x16.gif
  artifactKey: Guid(d61c21613d01993418cd16b097448a4b) Importer(815301076,1909f56bfc062723c751e8b465ee728b)
Start importing Assets/Sprites/UI/4_User_Interface_Elements/UI_mail_16x16.gif using Guid(d61c21613d01993418cd16b097448a4b) Importer(815301076,1909f56bfc062723c751e8b465ee728b)  -> (artifact id: '11e475b2469254b717d0c2aab521c481') in 0.014831 seconds 
  Import took 0.021677 seconds .

========================================================================
Received Import Request.
  Time since last request: 2.985565 seconds.
  path: Assets/Sprites/UI/4_User_Interface_Elements/UI_mail_48x48.gif
  artifactKey: Guid(67f6470d80670eb41b1f58398b46da46) Importer(815301076,1909f56bfc062723c751e8b465ee728b)
Start importing Assets/Sprites/UI/4_User_Interface_Elements/UI_mail_48x48.gif using Guid(67f6470d80670eb41b1f58398b46da46) Importer(815301076,1909f56bfc062723c751e8b465ee728b)  -> (artifact id: '80723dea84b2f063eb499bfb6382ea0e') in 0.017654 seconds 
  Import took 0.025584 seconds .

========================================================================
Received Import Request.
  Time since last request: 0.000378 seconds.
  path: Assets/Sprites/UI/4_User_Interface_Elements/UI_thinking_emote_dots_16x16.gif
  artifactKey: Guid(6a5f50be5a7515c448bd2bd25b1c2be9) Importer(815301076,1909f56bfc062723c751e8b465ee728b)
Start importing Assets/Sprites/UI/4_User_Interface_Elements/UI_thinking_emote_dots_16x16.gif using Guid(6a5f50be5a7515c448bd2bd25b1c2be9) Importer(815301076,1909f56bfc062723c751e8b465ee728b)  -> (artifact id: '085e65d3b8217757da084ced40f21cbb') in 0.021086 seconds 
  Import took 0.028749 seconds .

========================================================================
Received Import Request.
  Time since last request: 0.000392 seconds.
  path: Assets/Sprites/UI/4_User_Interface_Elements/UI_tear_drop_emote_16x16.gif
  artifactKey: Guid(0ed2ffcaf16f67f4db595422461b7c80) Importer(815301076,1909f56bfc062723c751e8b465ee728b)
Start importing Assets/Sprites/UI/4_User_Interface_Elements/UI_tear_drop_emote_16x16.gif using Guid(0ed2ffcaf16f67f4db595422461b7c80) Importer(815301076,1909f56bfc062723c751e8b465ee728b)  -> (artifact id: '4253771ef484dd49d1da96874f26fdc3') in 0.029124 seconds 
  Import took 0.038015 seconds .

========================================================================
Received Import Request.
  Time since last request: 0.000295 seconds.
  path: Assets/Sprites/UI/4_User_Interface_Elements/UI_thinking_emote_dots_48x48.gif
  artifactKey: Guid(2f71835c200e5bf48ac715b5fe05f1c8) Importer(815301076,1909f56bfc062723c751e8b465ee728b)
Start importing Assets/Sprites/UI/4_User_Interface_Elements/UI_thinking_emote_dots_48x48.gif using Guid(2f71835c200e5bf48ac715b5fe05f1c8) Importer(815301076,1909f56bfc062723c751e8b465ee728b)  -> (artifact id: 'd119f06d9f061d4cd1ba3b55d667bf74') in 0.022559 seconds 
  Import took 0.033895 seconds .

========================================================================
Received Import Request.
  Time since last request: 0.000306 seconds.
  path: Assets/Sprites/UI/4_User_Interface_Elements/UI_tear_drop_emote_48x48.gif
  artifactKey: Guid(b33647bb0c697c640a408e07fddebc6f) Importer(815301076,1909f56bfc062723c751e8b465ee728b)
Start importing Assets/Sprites/UI/4_User_Interface_Elements/UI_tear_drop_emote_48x48.gif using Guid(b33647bb0c697c640a408e07fddebc6f) Importer(815301076,1909f56bfc062723c751e8b465ee728b)  -> (artifact id: '79db8c3101f7b20b1e296735d93c6602') in 0.024365 seconds 
  Import took 0.032710 seconds .

========================================================================
Received Import Request.
  Time since last request: 0.000325 seconds.
  path: Assets/Sprites/UI/4_User_Interface_Elements/UI_tear_drop_emote_32x32.gif
  artifactKey: Guid(1e5e235b32df86148ac8dbd9a4651ef7) Importer(815301076,1909f56bfc062723c751e8b465ee728b)
Start importing Assets/Sprites/UI/4_User_Interface_Elements/UI_tear_drop_emote_32x32.gif using Guid(1e5e235b32df86148ac8dbd9a4651ef7) Importer(815301076,1909f56bfc062723c751e8b465ee728b)  -> (artifact id: '97568a1e68ac5126ae8e275327631cde') in 0.020513 seconds 
  Import took 0.027805 seconds .

========================================================================
Received Import Request.
  Time since last request: 0.000260 seconds.
  path: Assets/Sprites/UI/4_User_Interface_Elements/UI_thinking_emote_dots_32x32.gif
  artifactKey: Guid(4d39f8a1b4153114292f84447526966c) Importer(815301076,1909f56bfc062723c751e8b465ee728b)
Start importing Assets/Sprites/UI/4_User_Interface_Elements/UI_thinking_emote_dots_32x32.gif using Guid(4d39f8a1b4153114292f84447526966c) Importer(815301076,1909f56bfc062723c751e8b465ee728b)  -> (artifact id: '816ace017865bf10e9d74b0f480cb07e') in 0.025908 seconds 
  Import took 0.032690 seconds .

========================================================================
Received Import Request.
  Time since last request: 0.812539 seconds.
  path: Assets/Sprites/UI/4_User_Interface_Elements/UI_thinking_emotes_animation_16x16.png
  artifactKey: Guid(8039e3fbf7f69ef4a84af60ea29adff3) Importer(815301076,1909f56bfc062723c751e8b465ee728b)
Start importing Assets/Sprites/UI/4_User_Interface_Elements/UI_thinking_emotes_animation_16x16.png using Guid(8039e3fbf7f69ef4a84af60ea29adff3) Importer(815301076,1909f56bfc062723c751e8b465ee728b)  -> (artifact id: 'd41efb4a4b1ede660a8a6c29d969ab6c') in 0.023047 seconds 
  Import took 0.030026 seconds .

========================================================================
Received Import Request.
  Time since last request: 0.000352 seconds.
  path: Assets/Sprites/UI/4_User_Interface_Elements/UI_thinking_emotes_animation_48x48.png
  artifactKey: Guid(a4d58bec5668bce4f82faae7c408fef5) Importer(815301076,1909f56bfc062723c751e8b465ee728b)
Start importing Assets/Sprites/UI/4_User_Interface_Elements/UI_thinking_emotes_animation_48x48.png using Guid(a4d58bec5668bce4f82faae7c408fef5) Importer(815301076,1909f56bfc062723c751e8b465ee728b)  -> (artifact id: 'e80e48b7c8073d5b5b0cb0baecf3021c') in 0.021161 seconds 
  Import took 0.027489 seconds .

========================================================================
Received Import Request.
  Time since last request: 0.000343 seconds.
  path: Assets/Sprites/UI/4_User_Interface_Elements/UI_timer_green_to_green_32x32.gif
  artifactKey: Guid(3982fc573f984e94686794635beb27f9) Importer(815301076,1909f56bfc062723c751e8b465ee728b)
Start importing Assets/Sprites/UI/4_User_Interface_Elements/UI_timer_green_to_green_32x32.gif using Guid(3982fc573f984e94686794635beb27f9) Importer(815301076,1909f56bfc062723c751e8b465ee728b)  -> (artifact id: 'e969c9f03a099933a6308ab737f0d70e') in 0.024234 seconds 
  Import took 0.030317 seconds .

========================================================================
Received Import Request.
  Time since last request: 0.000330 seconds.
  path: Assets/Sprites/UI/4_User_Interface_Elements/UI_thinking_emotes_animation_32x32.png
  artifactKey: Guid(d8ba15baa83f1814d95b9a759ac5d258) Importer(815301076,1909f56bfc062723c751e8b465ee728b)
Start importing Assets/Sprites/UI/4_User_Interface_Elements/UI_thinking_emotes_animation_32x32.png using Guid(d8ba15baa83f1814d95b9a759ac5d258) Importer(815301076,1909f56bfc062723c751e8b465ee728b)  -> (artifact id: 'ffd34eb3457275fdffe70c3ae475218b') in 0.026425 seconds 
  Import took 0.033052 seconds .

========================================================================
Received Import Request.
  Time since last request: 0.000326 seconds.
  path: Assets/Sprites/UI/4_User_Interface_Elements/UI_timer_green_to_red_16x16.gif
  artifactKey: Guid(bd43683bcba3ce947beae6b85e3c74ef) Importer(815301076,1909f56bfc062723c751e8b465ee728b)
Start importing Assets/Sprites/UI/4_User_Interface_Elements/UI_timer_green_to_red_16x16.gif using Guid(bd43683bcba3ce947beae6b85e3c74ef) Importer(815301076,1909f56bfc062723c751e8b465ee728b)  -> (artifact id: 'efd56be4a15e8855e1002c3c950b924d') in 0.020517 seconds 
  Import took 0.027798 seconds .

========================================================================
Received Import Request.
  Time since last request: 0.000264 seconds.
  path: Assets/Sprites/UI/4_User_Interface_Elements/UI_timer_green_to_green_48x48.gif
  artifactKey: Guid(cf628ff1dc7368442983ef35d82d6b74) Importer(815301076,1909f56bfc062723c751e8b465ee728b)
Start importing Assets/Sprites/UI/4_User_Interface_Elements/UI_timer_green_to_green_48x48.gif using Guid(cf628ff1dc7368442983ef35d82d6b74) Importer(815301076,1909f56bfc062723c751e8b465ee728b)  -> (artifact id: 'd7d028ec744107e08b8fe3f8325b317d') in 0.022141 seconds 
  Import took 0.029959 seconds .

========================================================================
Received Import Request.
  Time since last request: 0.000312 seconds.
  path: Assets/Sprites/UI/4_User_Interface_Elements/UI_timer_green_to_green_16x16.gif
  artifactKey: Guid(19236990c0a307648ab50cc8811e53cb) Importer(815301076,1909f56bfc062723c751e8b465ee728b)
Start importing Assets/Sprites/UI/4_User_Interface_Elements/UI_timer_green_to_green_16x16.gif using Guid(19236990c0a307648ab50cc8811e53cb) Importer(815301076,1909f56bfc062723c751e8b465ee728b)  -> (artifact id: '336c20194bc487cb5cdcb66b14c5b273') in 0.018903 seconds 
  Import took 0.026697 seconds .

========================================================================
Received Import Request.
  Time since last request: 0.351731 seconds.
  path: Assets/Sprites/UI/4_User_Interface_Elements/UI_timer_green_to_red_32x32.gif
  artifactKey: Guid(5019f6464713a05409ab37299bb3a906) Importer(815301076,1909f56bfc062723c751e8b465ee728b)
Start importing Assets/Sprites/UI/4_User_Interface_Elements/UI_timer_green_to_red_32x32.gif using Guid(5019f6464713a05409ab37299bb3a906) Importer(815301076,1909f56bfc062723c751e8b465ee728b)  -> (artifact id: '3a7388b85c6a5522037f69af01d6a404') in 0.018902 seconds 
  Import took 0.026421 seconds .

========================================================================
Received Import Request.
  Time since last request: 0.000316 seconds.
  path: Assets/Sprites/UI/4_User_Interface_Elements/UI_timer_green_to_red_48x48.gif
  artifactKey: Guid(a78e0de920f91954da50935cdceb5249) Importer(815301076,1909f56bfc062723c751e8b465ee728b)
Start importing Assets/Sprites/UI/4_User_Interface_Elements/UI_timer_green_to_red_48x48.gif using Guid(a78e0de920f91954da50935cdceb5249) Importer(815301076,1909f56bfc062723c751e8b465ee728b)  -> (artifact id: '8e78eb2b9208e14d6c893a39b04fd188') in 0.019046 seconds 
  Import took 0.025753 seconds .

AssetImportWorkerClient::OnTransportError - code=2 error=End of file
